
2022/09/02 (13:03:22) | ===> btop++ v.1.2.9
2022/09/02 (13:03:22) | ERROR: Invalid RGB decimal value: "ba1a84"

2022/09/05 (18:51:51) | ===> btop++ v.1.2.9
2022/09/05 (18:51:51) | ERROR: Stall in Runner thread, restarting!

2023/10/23 (11:02:50) | ===> btop++ v.1.2.13
2023/10/23 (11:02:50) | ERROR: Stall in Runner thread, restarting!
2023/10/23 (11:02:59) | ERROR: Stall in Runner thread, restarting!

2023/10/23 (11:24:29) | ===> btop++ v.1.2.13
2023/10/23 (11:24:57) | ERROR: Stall in Runner thread, restarting!

2023/12/03 (13:24:13) | ===> btop++ v.1.2.13
2023/12/03 (13:24:13) | WARNING: Failed to get disk/partition stats for mount "swap" with statvfs error code: 2. Ignoring...

2023/12/11 (11:43:13) | ===> btop++ v.1.2.13
2023/12/11 (11:43:13) | WARNING: Failed to get disk/partition stats for mount "swap" with statvfs error code: 2. Ignoring...

2023/12/11 (11:44:38) | ===> btop++ v.1.2.13
2023/12/11 (11:44:38) | WARNING: Failed to get disk/partition stats for mount "swap" with statvfs error code: 2. Ignoring...

2023/12/11 (11:46:19) | ===> btop++ v.1.2.13
2023/12/11 (11:46:19) | WARNING: Failed to get disk/partition stats for mount "swap" with statvfs error code: 2. Ignoring...

2023/12/25 (16:45:44) | ===> btop++ v.1.2.13
2023/12/25 (16:45:44) | WARNING: Failed to get disk/partition stats for mount "swap" with statvfs error code: 2. Ignoring...

2024/01/04 (09:34:35) | ===> btop++ v.1.2.13
2024/01/04 (09:34:35) | WARNING: Failed to get disk/partition stats for mount "swap" with statvfs error code: 2. Ignoring...

2024/12/09 (09:07:28) | ===> btop++ v.1.4.0
2024/12/09 (09:07:28) | WARNING: NVML: Failed to get GPU power usage: Not Supported

2024/12/09 (09:07:32) | ===> btop++ v.1.4.0
2024/12/09 (09:07:32) | WARNING: NVML: Failed to get GPU power usage: Not Supported

2024/12/09 (09:09:58) | ===> btop++ v.1.4.0
2024/12/09 (09:09:58) | WARNING: NVML: Failed to get GPU power usage: Not Supported

2024/12/09 (09:11:12) | ===> btop++ v.1.4.0
2024/12/09 (09:11:12) | WARNING: NVML: Failed to get GPU power usage: Not Supported

2025/01/17 (07:18:01) | ===> btop++ v.1.4.0
2025/01/17 (07:18:01) | WARNING: NVML: Failed to get GPU power usage: Not Supported

2025/01/17 (07:18:52) | ===> btop++ v.1.4.0
2025/01/17 (07:18:52) | WARNING: NVML: Failed to get GPU power usage: Not Supported

2025/01/20 (07:44:59) | ===> btop++ v.1.4.0
2025/01/20 (07:44:59) | WARNING: NVML: Failed to get GPU power usage: Not Supported

2025/01/20 (08:47:58) | ===> btop++ v.1.4.0
2025/01/20 (08:47:58) | WARNING: NVML: Failed to get GPU power usage: Not Supported

2025/01/20 (11:48:58) | ===> btop++ v.1.4.0
2025/01/20 (11:48:58) | WARNING: NVML: Failed to get GPU power usage: Not Supported
2025/01/20 (11:53:29) | ERROR: Couldn't determine terminal size of "STDOUT_FILENO"!
2025/01/20 (11:53:29) | ERROR: Couldn't determine terminal size of "/dev/tty"!

2025/01/21 (08:11:53) | ===> btop++ v.1.4.0
2025/01/21 (08:11:53) | WARNING: NVML: Failed to get GPU power usage: Not Supported

2025/02/07 (07:36:47) | ===> btop++ v.1.4.0
2025/02/07 (07:36:47) | WARNING: NVML: Failed to get GPU power usage: Not Supported

2025/02/07 (07:37:47) | ===> btop++ v.1.4.0
2025/02/07 (07:37:47) | WARNING: NVML: Failed to get GPU power usage: Not Supported

2025/02/26 (13:09:53) | ===> btop++ v.1.4.0
2025/02/26 (13:09:53) | WARNING: NVML: Failed to get GPU power usage: Not Supported

2025/02/26 (13:49:18) | ===> btop++ v.1.4.0
2025/02/26 (13:49:18) | WARNING: NVML: Failed to get GPU power usage: Not Supported

2025/03/07 (10:01:54) | ===> btop++ v.1.4.0
2025/03/07 (10:01:54) | WARNING: NVML: Failed to get GPU power usage: Not Supported
2025/03/07 (12:21:11) | WARNING: Failed to join _runner thread on exit!

2025/04/01 (11:02:03) | ===> btop++ v.1.4.0
2025/04/01 (11:02:03) | WARNING: NVML: Failed to get GPU power usage: Not Supported
2025/04/01 (11:02:43) | WARNING: Failed to join _runner thread on exit!

2025/04/02 (07:07:34) | ===> btop++ v.1.4.0
2025/04/02 (07:07:34) | WARNING: NVML: Failed to get GPU power usage: Not Supported

2025/04/02 (07:10:57) | ===> btop++ v.1.4.0
2025/04/02 (07:10:57) | WARNING: NVML: Failed to get GPU power usage: Not Supported

2025/04/02 (07:11:02) | ===> btop++ v.1.4.0
2025/04/02 (07:11:02) | WARNING: NVML: Failed to get GPU power usage: Not Supported

2025/04/02 (07:11:07) | ===> btop++ v.1.4.0
2025/04/02 (07:11:07) | WARNING: NVML: Failed to get GPU power usage: Not Supported

2025/04/22 (19:15:00) | ===> btop++ v.1.4.0
2025/04/22 (19:15:00) | WARNING: Failed to join _runner thread on exit!

2025/04/22 (19:18:18) | ===> btop++ v.1.4.0
2025/04/22 (19:18:18) | WARNING: Failed to join _runner thread on exit!

2025/04/22 (21:11:31) | ===> btop++ v.1.4.0
2025/04/22 (21:11:31) | WARNING: Failed to join _runner thread on exit!

2025/04/22 (21:15:04) | ===> btop++ v.1.4.0
2025/04/22 (21:15:04) | WARNING: Failed to join _runner thread on exit!

2025/04/23 (10:25:21) | ===> btop++ v.1.4.0
2025/04/23 (10:25:21) | WARNING: Failed to join _runner thread on exit!

2025/04/23 (13:29:13) | ===> btop++ v.1.4.0
2025/04/23 (13:29:13) | WARNING: Failed to join _runner thread on exit!

2025/04/27 (17:57:54) | ===> btop++ v.1.4.0
2025/04/27 (17:57:54) | WARNING: Failed to join _runner thread on exit!

2025/04/27 (17:58:30) | ===> btop++ v.1.4.0
2025/04/27 (17:58:30) | WARNING: Failed to join _runner thread on exit!

2025/04/27 (17:59:33) | ===> btop++ v.1.4.0
2025/04/27 (17:59:33) | WARNING: Failed to join _runner thread on exit!

2025/04/27 (18:02:16) | ===> btop++ v.1.4.0
2025/04/27 (18:02:16) | WARNING: Failed to join _runner thread on exit!

2025/04/27 (18:02:59) | ===> btop++ v.1.4.0
2025/04/27 (18:02:59) | WARNING: Failed to join _runner thread on exit!

2025/04/27 (18:03:39) | ===> btop++ v.1.4.0
2025/04/27 (18:03:39) | WARNING: Failed to join _runner thread on exit!

2025/04/27 (18:04:25) | ===> btop++ v.1.4.0
2025/04/27 (18:04:25) | WARNING: Failed to join _runner thread on exit!

2025/04/27 (18:05:25) | ===> btop++ v.1.4.0
2025/04/27 (18:05:25) | WARNING: Failed to join _runner thread on exit!

2025/04/29 (14:19:17) | ===> btop++ v.1.4.0
2025/04/29 (14:19:17) | WARNING: Failed to join _runner thread on exit!

2025/04/29 (14:29:12) | ===> btop++ v.1.4.0
2025/04/29 (14:29:12) | WARNING: Failed to join _runner thread on exit!

2025/04/29 (14:30:16) | ===> btop++ v.1.4.0
2025/04/29 (14:30:16) | WARNING: Failed to join _runner thread on exit!

2025/04/29 (15:33:28) | ===> btop++ v.1.4.0
2025/04/29 (15:33:28) | WARNING: Failed to join _runner thread on exit!

2025/04/30 (08:37:11) | ===> btop++ v.1.4.0
2025/04/30 (08:37:11) | WARNING: Failed to join _runner thread on exit!

2025/04/30 (08:45:34) | ===> btop++ v.1.4.0
2025/04/30 (08:45:34) | WARNING: Failed to join _runner thread on exit!

2025/04/30 (17:23:12) | ===> btop++ v.1.4.0
2025/04/30 (17:23:12) | WARNING: Failed to join _runner thread on exit!

2025/05/01 (10:40:43) | ===> btop++ v.1.4.0
2025/05/01 (10:40:43) | WARNING: Failed to join _runner thread on exit!

2025/05/09 (11:41:01) | ===> btop++ v.1.4.0
2025/05/09 (11:41:01) | WARNING: Failed to join _runner thread on exit!

2025/05/09 (11:41:17) | ===> btop++ v.1.4.0
2025/05/09 (11:41:17) | WARNING: Failed to join _runner thread on exit!

2025/05/16 (13:47:05) | ===> btop++ v.1.4.0
2025/05/16 (13:47:05) | WARNING: Failed to join _runner thread on exit!

2025/05/22 (07:17:22) | ===> btop++ v.1.4.0
2025/05/22 (07:17:22) | WARNING: Failed to join _runner thread on exit!

2025/05/22 (07:35:54) | ===> btop++ v.1.4.0
2025/05/22 (07:35:54) | ERROR: Stall in Runner thread, restarting!
2025/05/22 (09:30:53) | WARNING: Failed to join _runner thread on exit!

2025/05/22 (09:31:03) | ===> btop++ v.1.4.0
2025/05/22 (09:31:03) | WARNING: Failed to join _runner thread on exit!

2025/05/22 (10:14:28) | ===> btop++ v.1.4.0
2025/05/22 (10:14:28) | WARNING: Failed to join _runner thread on exit!

2025/05/22 (10:15:14) | ===> btop++ v.1.4.0
2025/05/22 (10:15:14) | WARNING: Failed to join _runner thread on exit!

2025/05/22 (10:20:28) | ===> btop++ v.1.4.0
2025/05/22 (10:20:28) | WARNING: Failed to join _runner thread on exit!

2025/05/22 (10:21:01) | ===> btop++ v.1.4.0
2025/05/22 (10:21:01) | WARNING: Failed to join _runner thread on exit!

2025/05/22 (18:05:40) | ===> btop++ v.1.4.0
2025/05/22 (18:05:40) | WARNING: Failed to join _runner thread on exit!

2025/05/23 (07:36:43) | ===> btop++ v.1.4.0
2025/05/23 (07:36:43) | WARNING: Failed to join _runner thread on exit!

2025/05/23 (10:21:44) | ===> btop++ v.1.4.0
2025/05/23 (10:21:44) | WARNING: Failed to join _runner thread on exit!

2025/05/23 (11:52:44) | ===> btop++ v.1.4.0
2025/05/23 (11:52:44) | WARNING: Failed to join _runner thread on exit!
